2024-06-14 16:53:38.391 [] ERROR 28204 --- [main] o.s.b.d.LoggingFailureAnalysisReporter   : 

***************************
APPLICATION FAILED TO START
***************************

Description:

Field amadeusService in fdu.capstone.system.module.controller.AmadeusController required a bean of type 'com.example.amadeusapi.service.AmadeusService' that could not be found.

The injection point has the following annotations:
	- @org.springframework.beans.factory.annotation.Autowired(required=true)


Action:

Consider defining a bean of type 'com.example.amadeusapi.service.AmadeusService' in your configuration.

2024-06-14 17:08:47.163 [] ERROR 11520 --- [main] o.s.b.d.LoggingFailureAnalysisReporter   : 

***************************
APPLICATION FAILED TO START
***************************

Description:

The bean 'amadeusService', defined in class path resource [fdu/capstone/config/AmadeusConfig.class], could not be registered. A bean with that name has already been defined in file [C:\D\FDU\6806\flight_booking_backend\target\classes\fdu\capstone\system\module\service\impl\AmadeusService.class] and overriding is disabled.

Action:

Consider renaming one of the beans or enabling overriding by setting spring.main.allow-bean-definition-overriding=true

2024-06-14 17:11:55.842 [] ERROR 25536 --- [main] o.s.b.d.LoggingFailureAnalysisReporter   : 

***************************
APPLICATION FAILED TO START
***************************

Description:

Field amadeusService in fdu.capstone.system.module.controller.AmadeusController required a bean of type 'com.example.amadeusapi.service.AmadeusService' that could not be found.

The injection point has the following annotations:
	- @org.springframework.beans.factory.annotation.Autowired(required=true)


Action:

Consider defining a bean of type 'com.example.amadeusapi.service.AmadeusService' in your configuration.

2024-06-14 17:14:17.720 [] ERROR 7956 --- [main] o.s.b.d.LoggingFailureAnalysisReporter   : 

***************************
APPLICATION FAILED TO START
***************************

Description:

The bean 'amadeusService', defined in class path resource [fdu/capstone/config/AmadeusConfig.class], could not be registered. A bean with that name has already been defined in file [C:\D\FDU\6806\flight_booking_backend\target\classes\fdu\capstone\system\module\service\impl\AmadeusService.class] and overriding is disabled.

Action:

Consider renaming one of the beans or enabling overriding by setting spring.main.allow-bean-definition-overriding=true

2024-06-14 21:43:59.563 [] ERROR 27048 --- [main] o.s.b.d.LoggingFailureAnalysisReporter   : 

***************************
APPLICATION FAILED TO START
***************************

Description:

Web server failed to start. Port 8080 was already in use.

Action:

Identify and stop the process that's listening on port 8080 or configure this application to listen on another port.

