2024-06-14 14:16:25.425 []  INFO 15252 --- [background-preinit] o.h.validator.internal.util.Version      : HV000001: Hibernate Validator 8.0.1.Final
2024-06-14 14:16:25.520 []  INFO 15252 --- [main] fdu.capstone.AppMain                     : Starting AppMain using Java 22.0.1 with PID 15252 (C:\D\FDU\6806\flight_booking_backend\target\classes started by Julie in C:\D\FDU\6806\flight_booking_backend)
2024-06-14 14:16:25.655 []  INFO 15252 --- [main] fdu.capstone.AppMain                     : The following 1 profile is active: "test"
2024-06-14 14:16:31.228 []  INFO 15252 --- [main] o.s.b.w.embedded.tomcat.TomcatWebServer  : Tomcat initialized with port 8080 (http)
2024-06-14 14:16:31.272 []  INFO 15252 --- [main] o.a.coyote.http11.Http11NioProtocol      : Initializing ProtocolHandler ["http-nio-8080"]
2024-06-14 14:16:31.272 []  INFO 15252 --- [main] o.apache.catalina.core.StandardService   : Starting service [Tomcat]
2024-06-14 14:16:31.272 []  INFO 15252 --- [main] o.apache.catalina.core.StandardEngine    : Starting Servlet engine: [Apache Tomcat/10.1.24]
2024-06-14 14:16:31.460 []  INFO 15252 --- [main] o.a.c.c.C.[Tomcat].[localhost].[/]       : Initializing Spring embedded WebApplicationContext
2024-06-14 14:16:31.464 []  INFO 15252 --- [main] w.s.c.ServletWebServerApplicationContext : Root WebApplicationContext: initialization completed in 5590 ms
2024-06-14 14:16:34.015 []  INFO 15252 --- [main] com.alibaba.druid.pool.DruidDataSource   : {dataSource-1,mysql} inited
2024-06-14 14:16:34.020 []  INFO 15252 --- [main] c.b.d.d.DynamicRoutingDataSource         : dynamic-datasource - add a datasource named [mysql] success
2024-06-14 14:16:34.020 []  INFO 15252 --- [main] c.b.d.d.DynamicRoutingDataSource         : dynamic-datasource initial loaded [1] datasource,primary datasource named [mysql]
2024-06-14 14:16:37.632 []  INFO 15252 --- [main] o.a.coyote.http11.Http11NioProtocol      : Starting ProtocolHandler ["http-nio-8080"]
2024-06-14 14:16:37.714 []  INFO 15252 --- [main] o.s.b.w.embedded.tomcat.TomcatWebServer  : Tomcat started on port 8080 (http) with context path '/'
2024-06-14 14:16:37.749 []  INFO 15252 --- [main] fdu.capstone.AppMain                     : Started AppMain in 13.794 seconds (process running for 22.967)
2024-06-14 14:19:06.488 []  INFO 15252 --- [http-nio-8080-exec-1] o.apache.coyote.http11.Http11Processor   : Error parsing HTTP request header
 Note: further occurrences of HTTP request parsing errors will be logged at DEBUG level.

java.lang.IllegalArgumentException: Invalid character found in the request target [/api/locations?keyword=[object+Promise]a ]. The valid characters are defined in RFC 7230 and RFC 3986
	at org.apache.coyote.http11.Http11InputBuffer.parseRequestLine(Http11InputBuffer.java:482)
	at org.apache.coyote.http11.Http11Processor.service(Http11Processor.java:262)
	at org.apache.coyote.AbstractProcessorLight.process(AbstractProcessorLight.java:63)
	at org.apache.coyote.AbstractProtocol$ConnectionHandler.process(AbstractProtocol.java:896)
	at org.apache.tomcat.util.net.NioEndpoint$SocketProcessor.doRun(NioEndpoint.java:1741)
	at org.apache.tomcat.util.net.SocketProcessorBase.run(SocketProcessorBase.java:52)
	at org.apache.tomcat.util.threads.ThreadPoolExecutor.runWorker(ThreadPoolExecutor.java:1190)
	at org.apache.tomcat.util.threads.ThreadPoolExecutor$Worker.run(ThreadPoolExecutor.java:659)
	at org.apache.tomcat.util.threads.TaskThread$WrappingRunnable.run(TaskThread.java:63)
	at java.base/java.lang.Thread.run(Thread.java:1570)

2024-06-14 14:19:38.058 []  INFO 15252 --- [http-nio-8080-exec-6] o.a.c.c.C.[Tomcat].[localhost].[/]       : Initializing Spring DispatcherServlet 'dispatcherServlet'
2024-06-14 14:19:38.061 []  INFO 15252 --- [http-nio-8080-exec-6] o.s.web.servlet.DispatcherServlet        : Initializing Servlet 'dispatcherServlet'
2024-06-14 14:19:38.063 []  INFO 15252 --- [http-nio-8080-exec-6] o.s.web.servlet.DispatcherServlet        : Completed initialization in 1 ms
2024-06-14 14:20:00.482 []  INFO 15252 --- [SpringApplicationShutdownHook] c.b.d.d.DynamicRoutingDataSource         : dynamic-datasource start closing ....
2024-06-14 14:20:00.486 []  INFO 15252 --- [SpringApplicationShutdownHook] com.alibaba.druid.pool.DruidDataSource   : {dataSource-1} closing ...
2024-06-14 14:20:00.509 []  INFO 15252 --- [SpringApplicationShutdownHook] com.alibaba.druid.pool.DruidDataSource   : {dataSource-1} closed
2024-06-14 14:20:00.509 []  INFO 15252 --- [SpringApplicationShutdownHook] c.b.d.d.d.DefaultDataSourceDestroyer     : dynamic-datasource close the datasource named [mysql] success,
2024-06-14 14:20:00.509 []  INFO 15252 --- [SpringApplicationShutdownHook] c.b.d.d.DynamicRoutingDataSource         : dynamic-datasource all closed success,bye
2024-06-14 16:44:52.463 []  INFO 20496 --- [main] fdu.capstone.AppMain                     : Starting AppMain using Java 22.0.1 with PID 20496 (C:\D\FDU\6806\flight_booking_backend\target\classes started by Julie in C:\D\FDU\6806\flight_booking_backend)
2024-06-14 16:44:52.369 []  INFO 20496 --- [background-preinit] o.h.validator.internal.util.Version      : HV000001: Hibernate Validator 8.0.1.Final
2024-06-14 16:44:52.551 []  INFO 20496 --- [main] fdu.capstone.AppMain                     : The following 1 profile is active: "test"
2024-06-14 16:44:57.724 []  INFO 20496 --- [main] o.s.b.w.embedded.tomcat.TomcatWebServer  : Tomcat initialized with port 8080 (http)
2024-06-14 16:44:57.748 []  INFO 20496 --- [main] o.a.coyote.http11.Http11NioProtocol      : Initializing ProtocolHandler ["http-nio-8080"]
2024-06-14 16:44:57.755 []  INFO 20496 --- [main] o.apache.catalina.core.StandardService   : Starting service [Tomcat]
2024-06-14 16:44:57.756 []  INFO 20496 --- [main] o.apache.catalina.core.StandardEngine    : Starting Servlet engine: [Apache Tomcat/10.1.24]
2024-06-14 16:44:57.937 []  INFO 20496 --- [main] o.a.c.c.C.[Tomcat].[localhost].[/]       : Initializing Spring embedded WebApplicationContext
2024-06-14 16:44:57.940 []  INFO 20496 --- [main] w.s.c.ServletWebServerApplicationContext : Root WebApplicationContext: initialization completed in 5190 ms
2024-06-14 16:45:00.202 []  INFO 20496 --- [main] com.alibaba.druid.pool.DruidDataSource   : {dataSource-1,mysql} inited
2024-06-14 16:45:00.204 []  INFO 20496 --- [main] c.b.d.d.DynamicRoutingDataSource         : dynamic-datasource - add a datasource named [mysql] success
2024-06-14 16:45:00.204 []  INFO 20496 --- [main] c.b.d.d.DynamicRoutingDataSource         : dynamic-datasource initial loaded [1] datasource,primary datasource named [mysql]
2024-06-14 16:45:03.407 []  INFO 20496 --- [main] o.a.coyote.http11.Http11NioProtocol      : Starting ProtocolHandler ["http-nio-8080"]
2024-06-14 16:45:03.456 []  INFO 20496 --- [main] o.s.b.w.embedded.tomcat.TomcatWebServer  : Tomcat started on port 8080 (http) with context path '/'
2024-06-14 16:45:03.482 []  INFO 20496 --- [main] fdu.capstone.AppMain                     : Started AppMain in 12.619 seconds (process running for 14.387)
2024-06-14 16:45:18.037 []  INFO 20496 --- [http-nio-8080-exec-1] o.a.c.c.C.[Tomcat].[localhost].[/]       : Initializing Spring DispatcherServlet 'dispatcherServlet'
2024-06-14 16:45:18.037 []  INFO 20496 --- [http-nio-8080-exec-1] o.s.web.servlet.DispatcherServlet        : Initializing Servlet 'dispatcherServlet'
2024-06-14 16:45:18.041 []  INFO 20496 --- [http-nio-8080-exec-1] o.s.web.servlet.DispatcherServlet        : Completed initialization in 4 ms
2024-06-14 16:46:18.392 []  INFO 20496 --- [SpringApplicationShutdownHook] c.b.d.d.DynamicRoutingDataSource         : dynamic-datasource start closing ....
2024-06-14 16:46:18.396 []  INFO 20496 --- [SpringApplicationShutdownHook] com.alibaba.druid.pool.DruidDataSource   : {dataSource-1} closing ...
2024-06-14 16:46:18.418 []  INFO 20496 --- [SpringApplicationShutdownHook] com.alibaba.druid.pool.DruidDataSource   : {dataSource-1} closed
2024-06-14 16:46:18.418 []  INFO 20496 --- [SpringApplicationShutdownHook] c.b.d.d.d.DefaultDataSourceDestroyer     : dynamic-datasource close the datasource named [mysql] success,
2024-06-14 16:46:18.419 []  INFO 20496 --- [SpringApplicationShutdownHook] c.b.d.d.DynamicRoutingDataSource         : dynamic-datasource all closed success,bye
2024-06-14 16:53:32.047 []  INFO 28204 --- [main] fdu.capstone.AppMain                     : Starting AppMain using Java 22.0.1 with PID 28204 (C:\D\FDU\6806\flight_booking_backend\target\classes started by Julie in C:\D\FDU\6806\flight_booking_backend)
2024-06-14 16:53:31.954 []  INFO 28204 --- [background-preinit] o.h.validator.internal.util.Version      : HV000001: Hibernate Validator 8.0.1.Final
2024-06-14 16:53:32.121 []  INFO 28204 --- [main] fdu.capstone.AppMain                     : The following 1 profile is active: "test"
2024-06-14 16:53:37.332 []  INFO 28204 --- [main] o.s.b.w.embedded.tomcat.TomcatWebServer  : Tomcat initialized with port 8080 (http)
2024-06-14 16:53:37.368 []  INFO 28204 --- [main] o.a.coyote.http11.Http11NioProtocol      : Initializing ProtocolHandler ["http-nio-8080"]
2024-06-14 16:53:37.374 []  INFO 28204 --- [main] o.apache.catalina.core.StandardService   : Starting service [Tomcat]
2024-06-14 16:53:37.376 []  INFO 28204 --- [main] o.apache.catalina.core.StandardEngine    : Starting Servlet engine: [Apache Tomcat/10.1.24]
2024-06-14 16:53:37.687 []  INFO 28204 --- [main] o.a.c.c.C.[Tomcat].[localhost].[/]       : Initializing Spring embedded WebApplicationContext
2024-06-14 16:53:37.691 []  INFO 28204 --- [main] w.s.c.ServletWebServerApplicationContext : Root WebApplicationContext: initialization completed in 5365 ms
2024-06-14 16:53:38.059 []  WARN 28204 --- [main] ConfigServletWebServerApplicationContext : Exception encountered during context initialization - cancelling refresh attempt: org.springframework.beans.factory.UnsatisfiedDependencyException: Error creating bean with name 'amadeusController': Unsatisfied dependency expressed through field 'amadeusService': No qualifying bean of type 'com.example.amadeusapi.service.AmadeusService' available: expected at least 1 bean which qualifies as autowire candidate. Dependency annotations: {@org.springframework.beans.factory.annotation.Autowired(required=true)}
2024-06-14 16:53:38.066 []  INFO 28204 --- [main] o.apache.catalina.core.StandardService   : Stopping service [Tomcat]
2024-06-14 16:53:38.331 []  INFO 28204 --- [main] .s.b.a.l.ConditionEvaluationReportLogger : 

Error starting ApplicationContext. To display the condition evaluation report re-run your application with 'debug' enabled.
2024-06-14 16:53:38.391 [] ERROR 28204 --- [main] o.s.b.d.LoggingFailureAnalysisReporter   : 

***************************
APPLICATION FAILED TO START
***************************

Description:

Field amadeusService in fdu.capstone.system.module.controller.AmadeusController required a bean of type 'com.example.amadeusapi.service.AmadeusService' that could not be found.

The injection point has the following annotations:
	- @org.springframework.beans.factory.annotation.Autowired(required=true)


Action:

Consider defining a bean of type 'com.example.amadeusapi.service.AmadeusService' in your configuration.

2024-06-14 17:08:44.286 []  INFO 11520 --- [main] fdu.capstone.AppMain                     : Starting AppMain using Java 22.0.1 with PID 11520 (C:\D\FDU\6806\flight_booking_backend\target\classes started by Julie in C:\D\FDU\6806\flight_booking_backend)
2024-06-14 17:08:44.188 []  INFO 11520 --- [background-preinit] o.h.validator.internal.util.Version      : HV000001: Hibernate Validator 8.0.1.Final
2024-06-14 17:08:44.373 []  INFO 11520 --- [main] fdu.capstone.AppMain                     : The following 1 profile is active: "test"
2024-06-14 17:08:46.880 []  WARN 11520 --- [main] ConfigServletWebServerApplicationContext : Exception encountered during context initialization - cancelling refresh attempt: org.springframework.beans.factory.support.BeanDefinitionOverrideException: Invalid bean definition with name 'amadeusService' defined in class path resource [fdu/capstone/config/AmadeusConfig.class]: Cannot register bean definition [Root bean: class [null]; scope=; abstract=false; lazyInit=null; autowireMode=3; dependencyCheck=0; autowireCandidate=true; primary=false; factoryBeanName=amadeusConfig; factoryMethodName=amadeusService; initMethodNames=null; destroyMethodNames=[(inferred)]; defined in class path resource [fdu/capstone/config/AmadeusConfig.class]] for bean 'amadeusService' since there is already [Generic bean: class [fdu.capstone.system.module.service.impl.AmadeusService]; scope=singleton; abstract=false; lazyInit=null; autowireMode=0; dependencyCheck=0; autowireCandidate=true; primary=false; factoryBeanName=null; factoryMethodName=null; initMethodNames=null; destroyMethodNames=null; defined in file [C:\D\FDU\6806\flight_booking_backend\target\classes\fdu\capstone\system\module\service\impl\AmadeusService.class]] bound.
2024-06-14 17:08:47.115 []  INFO 11520 --- [main] .s.b.a.l.ConditionEvaluationReportLogger : 

Error starting ApplicationContext. To display the condition evaluation report re-run your application with 'debug' enabled.
2024-06-14 17:08:47.163 [] ERROR 11520 --- [main] o.s.b.d.LoggingFailureAnalysisReporter   : 

***************************
APPLICATION FAILED TO START
***************************

Description:

The bean 'amadeusService', defined in class path resource [fdu/capstone/config/AmadeusConfig.class], could not be registered. A bean with that name has already been defined in file [C:\D\FDU\6806\flight_booking_backend\target\classes\fdu\capstone\system\module\service\impl\AmadeusService.class] and overriding is disabled.

Action:

Consider renaming one of the beans or enabling overriding by setting spring.main.allow-bean-definition-overriding=true

2024-06-14 17:11:48.958 []  INFO 25536 --- [background-preinit] o.h.validator.internal.util.Version      : HV000001: Hibernate Validator 8.0.1.Final
2024-06-14 17:11:49.055 []  INFO 25536 --- [main] fdu.capstone.AppMain                     : Starting AppMain using Java 22.0.1 with PID 25536 (C:\D\FDU\6806\flight_booking_backend\target\classes started by Julie in C:\D\FDU\6806\flight_booking_backend)
2024-06-14 17:11:49.136 []  INFO 25536 --- [main] fdu.capstone.AppMain                     : The following 1 profile is active: "test"
2024-06-14 17:11:54.954 []  INFO 25536 --- [main] o.s.b.w.embedded.tomcat.TomcatWebServer  : Tomcat initialized with port 8080 (http)
2024-06-14 17:11:54.975 []  INFO 25536 --- [main] o.a.coyote.http11.Http11NioProtocol      : Initializing ProtocolHandler ["http-nio-8080"]
2024-06-14 17:11:54.981 []  INFO 25536 --- [main] o.apache.catalina.core.StandardService   : Starting service [Tomcat]
2024-06-14 17:11:54.982 []  INFO 25536 --- [main] o.apache.catalina.core.StandardEngine    : Starting Servlet engine: [Apache Tomcat/10.1.24]
2024-06-14 17:11:55.171 []  INFO 25536 --- [main] o.a.c.c.C.[Tomcat].[localhost].[/]       : Initializing Spring embedded WebApplicationContext
2024-06-14 17:11:55.174 []  INFO 25536 --- [main] w.s.c.ServletWebServerApplicationContext : Root WebApplicationContext: initialization completed in 5759 ms
2024-06-14 17:11:55.489 []  WARN 25536 --- [main] ConfigServletWebServerApplicationContext : Exception encountered during context initialization - cancelling refresh attempt: org.springframework.beans.factory.UnsatisfiedDependencyException: Error creating bean with name 'amadeusController': Unsatisfied dependency expressed through field 'amadeusService': No qualifying bean of type 'com.example.amadeusapi.service.AmadeusService' available: expected at least 1 bean which qualifies as autowire candidate. Dependency annotations: {@org.springframework.beans.factory.annotation.Autowired(required=true)}
2024-06-14 17:11:55.503 []  INFO 25536 --- [main] o.apache.catalina.core.StandardService   : Stopping service [Tomcat]
2024-06-14 17:11:55.788 []  INFO 25536 --- [main] .s.b.a.l.ConditionEvaluationReportLogger : 

Error starting ApplicationContext. To display the condition evaluation report re-run your application with 'debug' enabled.
2024-06-14 17:11:55.842 [] ERROR 25536 --- [main] o.s.b.d.LoggingFailureAnalysisReporter   : 

***************************
APPLICATION FAILED TO START
***************************

Description:

Field amadeusService in fdu.capstone.system.module.controller.AmadeusController required a bean of type 'com.example.amadeusapi.service.AmadeusService' that could not be found.

The injection point has the following annotations:
	- @org.springframework.beans.factory.annotation.Autowired(required=true)


Action:

Consider defining a bean of type 'com.example.amadeusapi.service.AmadeusService' in your configuration.

2024-06-14 17:14:16.290 []  INFO 7956 --- [main] fdu.capstone.AppMain                     : Starting AppMain using Java 22.0.1 with PID 7956 (C:\D\FDU\6806\flight_booking_backend\target\classes started by Julie in C:\D\FDU\6806\flight_booking_backend)
2024-06-14 17:14:16.246 []  INFO 7956 --- [background-preinit] o.h.validator.internal.util.Version      : HV000001: Hibernate Validator 8.0.1.Final
2024-06-14 17:14:16.335 []  INFO 7956 --- [main] fdu.capstone.AppMain                     : The following 1 profile is active: "test"
2024-06-14 17:14:17.615 []  WARN 7956 --- [main] ConfigServletWebServerApplicationContext : Exception encountered during context initialization - cancelling refresh attempt: org.springframework.beans.factory.support.BeanDefinitionOverrideException: Invalid bean definition with name 'amadeusService' defined in class path resource [fdu/capstone/config/AmadeusConfig.class]: Cannot register bean definition [Root bean: class [null]; scope=; abstract=false; lazyInit=null; autowireMode=3; dependencyCheck=0; autowireCandidate=true; primary=false; factoryBeanName=amadeusConfig; factoryMethodName=amadeusService; initMethodNames=null; destroyMethodNames=[(inferred)]; defined in class path resource [fdu/capstone/config/AmadeusConfig.class]] for bean 'amadeusService' since there is already [Generic bean: class [fdu.capstone.system.module.service.impl.AmadeusService]; scope=singleton; abstract=false; lazyInit=null; autowireMode=0; dependencyCheck=0; autowireCandidate=true; primary=false; factoryBeanName=null; factoryMethodName=null; initMethodNames=null; destroyMethodNames=null; defined in file [C:\D\FDU\6806\flight_booking_backend\target\classes\fdu\capstone\system\module\service\impl\AmadeusService.class]] bound.
2024-06-14 17:14:17.700 []  INFO 7956 --- [main] .s.b.a.l.ConditionEvaluationReportLogger : 

Error starting ApplicationContext. To display the condition evaluation report re-run your application with 'debug' enabled.
2024-06-14 17:14:17.720 [] ERROR 7956 --- [main] o.s.b.d.LoggingFailureAnalysisReporter   : 

***************************
APPLICATION FAILED TO START
***************************

Description:

The bean 'amadeusService', defined in class path resource [fdu/capstone/config/AmadeusConfig.class], could not be registered. A bean with that name has already been defined in file [C:\D\FDU\6806\flight_booking_backend\target\classes\fdu\capstone\system\module\service\impl\AmadeusService.class] and overriding is disabled.

Action:

Consider renaming one of the beans or enabling overriding by setting spring.main.allow-bean-definition-overriding=true

2024-06-14 17:27:20.777 []  INFO 20248 --- [background-preinit] o.h.validator.internal.util.Version      : HV000001: Hibernate Validator 8.0.1.Final
2024-06-14 17:27:20.881 []  INFO 20248 --- [main] fdu.capstone.AppMain                     : Starting AppMain using Java 22.0.1 with PID 20248 (C:\D\FDU\6806\flight_booking_backend\target\classes started by Julie in C:\D\FDU\6806\flight_booking_backend)
2024-06-14 17:27:20.882 []  INFO 20248 --- [main] fdu.capstone.AppMain                     : The following 1 profile is active: "test"
2024-06-14 17:27:23.637 []  INFO 20248 --- [main] o.s.b.w.embedded.tomcat.TomcatWebServer  : Tomcat initialized with port 8080 (http)
2024-06-14 17:27:23.662 []  INFO 20248 --- [main] o.a.coyote.http11.Http11NioProtocol      : Initializing ProtocolHandler ["http-nio-8080"]
2024-06-14 17:27:23.670 []  INFO 20248 --- [main] o.apache.catalina.core.StandardService   : Starting service [Tomcat]
2024-06-14 17:27:23.671 []  INFO 20248 --- [main] o.apache.catalina.core.StandardEngine    : Starting Servlet engine: [Apache Tomcat/10.1.24]
2024-06-14 17:27:23.844 []  INFO 20248 --- [main] o.a.c.c.C.[Tomcat].[localhost].[/]       : Initializing Spring embedded WebApplicationContext
2024-06-14 17:27:23.846 []  INFO 20248 --- [main] w.s.c.ServletWebServerApplicationContext : Root WebApplicationContext: initialization completed in 2857 ms
2024-06-14 17:27:25.155 []  INFO 20248 --- [main] com.alibaba.druid.pool.DruidDataSource   : {dataSource-1,mysql} inited
2024-06-14 17:27:25.159 []  INFO 20248 --- [main] c.b.d.d.DynamicRoutingDataSource         : dynamic-datasource - add a datasource named [mysql] success
2024-06-14 17:27:25.159 []  INFO 20248 --- [main] c.b.d.d.DynamicRoutingDataSource         : dynamic-datasource initial loaded [1] datasource,primary datasource named [mysql]
2024-06-14 17:27:27.259 []  INFO 20248 --- [main] o.a.coyote.http11.Http11NioProtocol      : Starting ProtocolHandler ["http-nio-8080"]
2024-06-14 17:27:27.299 []  INFO 20248 --- [main] o.s.b.w.embedded.tomcat.TomcatWebServer  : Tomcat started on port 8080 (http) with context path '/'
2024-06-14 17:27:27.314 []  INFO 20248 --- [main] fdu.capstone.AppMain                     : Started AppMain in 7.153 seconds (process running for 7.561)
2024-06-14 17:28:05.905 []  INFO 20248 --- [http-nio-8080-exec-1] o.a.c.c.C.[Tomcat].[localhost].[/]       : Initializing Spring DispatcherServlet 'dispatcherServlet'
2024-06-14 17:28:05.905 []  INFO 20248 --- [http-nio-8080-exec-1] o.s.web.servlet.DispatcherServlet        : Initializing Servlet 'dispatcherServlet'
2024-06-14 17:28:05.906 []  INFO 20248 --- [http-nio-8080-exec-1] o.s.web.servlet.DispatcherServlet        : Completed initialization in 1 ms
2024-06-14 17:29:53.456 []  INFO 20248 --- [SpringApplicationShutdownHook] c.b.d.d.DynamicRoutingDataSource         : dynamic-datasource start closing ....
2024-06-14 17:29:53.458 []  INFO 20248 --- [SpringApplicationShutdownHook] com.alibaba.druid.pool.DruidDataSource   : {dataSource-1} closing ...
2024-06-14 17:29:53.465 []  INFO 20248 --- [SpringApplicationShutdownHook] com.alibaba.druid.pool.DruidDataSource   : {dataSource-1} closed
2024-06-14 17:29:53.465 []  INFO 20248 --- [SpringApplicationShutdownHook] c.b.d.d.d.DefaultDataSourceDestroyer     : dynamic-datasource close the datasource named [mysql] success,
2024-06-14 17:29:53.465 []  INFO 20248 --- [SpringApplicationShutdownHook] c.b.d.d.DynamicRoutingDataSource         : dynamic-datasource all closed success,bye
2024-06-14 21:43:50.298 []  INFO 27048 --- [background-preinit] o.h.validator.internal.util.Version      : HV000001: Hibernate Validator 8.0.1.Final
2024-06-14 21:43:50.535 []  INFO 27048 --- [main] fdu.capstone.AppMain                     : Starting AppMain using Java 22.0.1 with PID 27048 (C:\D\FDU\6806\flight_booking_backend\target\classes started by Julie in C:\D\FDU\6806\flight_booking_backend)
2024-06-14 21:43:50.539 []  INFO 27048 --- [main] fdu.capstone.AppMain                     : The following 1 profile is active: "test"
2024-06-14 21:43:54.277 []  INFO 27048 --- [main] o.s.b.w.embedded.tomcat.TomcatWebServer  : Tomcat initialized with port 8080 (http)
2024-06-14 21:43:54.294 []  INFO 27048 --- [main] o.a.coyote.http11.Http11NioProtocol      : Initializing ProtocolHandler ["http-nio-8080"]
2024-06-14 21:43:54.299 []  INFO 27048 --- [main] o.apache.catalina.core.StandardService   : Starting service [Tomcat]
2024-06-14 21:43:54.299 []  INFO 27048 --- [main] o.apache.catalina.core.StandardEngine    : Starting Servlet engine: [Apache Tomcat/10.1.24]
2024-06-14 21:43:54.423 []  INFO 27048 --- [main] o.a.c.c.C.[Tomcat].[localhost].[/]       : Initializing Spring embedded WebApplicationContext
2024-06-14 21:43:54.424 []  INFO 27048 --- [main] w.s.c.ServletWebServerApplicationContext : Root WebApplicationContext: initialization completed in 3728 ms
2024-06-14 21:43:56.512 []  INFO 27048 --- [main] com.alibaba.druid.pool.DruidDataSource   : {dataSource-1,mysql} inited
2024-06-14 21:43:56.515 []  INFO 27048 --- [main] c.b.d.d.DynamicRoutingDataSource         : dynamic-datasource - add a datasource named [mysql] success
2024-06-14 21:43:56.516 []  INFO 27048 --- [main] c.b.d.d.DynamicRoutingDataSource         : dynamic-datasource initial loaded [1] datasource,primary datasource named [mysql]
2024-06-14 21:43:59.399 []  INFO 27048 --- [main] o.a.coyote.http11.Http11NioProtocol      : Starting ProtocolHandler ["http-nio-8080"]
2024-06-14 21:43:59.424 []  WARN 27048 --- [main] ConfigServletWebServerApplicationContext : Exception encountered during context initialization - cancelling refresh attempt: org.springframework.context.ApplicationContextException: Failed to start bean 'webServerStartStop'
2024-06-14 21:43:59.428 []  INFO 27048 --- [main] c.b.d.d.DynamicRoutingDataSource         : dynamic-datasource start closing ....
2024-06-14 21:43:59.438 []  INFO 27048 --- [main] com.alibaba.druid.pool.DruidDataSource   : {dataSource-1} closing ...
2024-06-14 21:43:59.467 []  INFO 27048 --- [main] com.alibaba.druid.pool.DruidDataSource   : {dataSource-1} closed
2024-06-14 21:43:59.467 []  INFO 27048 --- [main] c.b.d.d.d.DefaultDataSourceDestroyer     : dynamic-datasource close the datasource named [mysql] success,
2024-06-14 21:43:59.467 []  INFO 27048 --- [main] c.b.d.d.DynamicRoutingDataSource         : dynamic-datasource all closed success,bye
2024-06-14 21:43:59.521 []  INFO 27048 --- [main] .s.b.a.l.ConditionEvaluationReportLogger : 

Error starting ApplicationContext. To display the condition evaluation report re-run your application with 'debug' enabled.
2024-06-14 21:43:59.563 [] ERROR 27048 --- [main] o.s.b.d.LoggingFailureAnalysisReporter   : 

***************************
APPLICATION FAILED TO START
***************************

Description:

Web server failed to start. Port 8080 was already in use.

Action:

Identify and stop the process that's listening on port 8080 or configure this application to listen on another port.

